#
# There is insufficient memory for the Java Runtime Environment to continue.
# Native memory allocation (mmap) failed to map 134217728 bytes for Failed to commit area from 0x0000000080400000 to 0x0000000088400000 of length 134217728.
# Possible reasons:
#   The system is out of physical RAM or swap space
#   The process is running with CompressedOops enabled, and the Java Heap may be blocking the growth of the native heap
# Possible solutions:
#   Reduce memory load on the system
#   Increase physical memory or swap space
#   Check if swap backing store is full
#   Decrease Java heap size (-Xmx/-Xms)
#   Decrease number of Java threads
#   Decrease Java thread stack sizes (-Xss)
#   Set larger code cache with -XX:ReservedCodeCacheSize=
# This output file may be truncated or incomplete.
#
#  Out of Memory Error (./src/hotspot/os/windows/os_windows.cpp:3303), pid=13612, tid=544
#
# JRE version:  (11.0.8+10) (build )
# Java VM: OpenJDK 64-Bit Server VM (11.0.8+10-b944.6842174, mixed mode, sharing, tiered, compressed oops, g1 gc, windows-amd64)
# No core dump will be written. Minidumps are not enabled by default on client versions of Windows
#

---------------  S U M M A R Y ------------

Command Line: org.jetbrains.git4idea.http.GitAskPassApp Username for 'https://github.com': 

Host: Intel(R) Core(TM) i5-3570 CPU @ 3.40GHz, 4 cores, 7G,  Windows 10 , 64 bit Build 19041 (10.0.19041.1023)
Time: Fri Aug  6 13:01:32 2021 대한민국 표준시 elapsed time: 0 seconds (0d 0h 0m 0s)

---------------  T H R E A D  ---------------

Current thread (0x0000022a6acf9000):  JavaThread "Unknown thread" [_thread_in_vm, id=544, stack(0x000000ac18200000,0x000000ac18300000)]

Stack: [0x000000ac18200000,0x000000ac18300000]
Native frames: (J=compiled Java code, j=interpreted, Vv=VM code, C=native code)
V  [jvm.dll+0x5de50a]
V  [jvm.dll+0x7122f5]
V  [jvm.dll+0x71384d]
V  [jvm.dll+0x713f03]
V  [jvm.dll+0x23e728]
V  [jvm.dll+0x5db9a4]
V  [jvm.dll+0x5d0ae5]
V  [jvm.dll+0x2fb20b]
V  [jvm.dll+0x2fb17a]
V  [jvm.dll+0x2fb052]
V  [jvm.dll+0x2fff16]
V  [jvm.dll+0x348743]
V  [jvm.dll+0x348e46]
V  [jvm.dll+0x348843]
V  [jvm.dll+0x2d5d68]
V  [jvm.dll+0x2d6f07]
V  [jvm.dll+0x6f11f7]
V  [jvm.dll+0x6f29ec]
V  [jvm.dll+0x355cb9]
V  [jvm.dll+0x6d4ade]
V  [jvm.dll+0x3bdfe3]
V  [jvm.dll+0x3c0201]
C  [jli.dll+0x5373]
C  [ucrtbase.dll+0x21bb2]
C  [KERNEL32.DLL+0x17034]
C  [ntdll.dll+0x52651]


---------------  P R O C E S S  ---------------

Threads class SMR info:
_java_thread_list=0x0000022a6ab01e80, length=0, elements={
}

Java Threads: ( => current thread )

Other Threads:
  0x0000022a6ad12000 GCTaskThread "GC Thread#0" [stack: 0x000000ac18300000,0x000000ac18400000] [id=15600]
  0x0000022a6ad43000 ConcurrentGCThread "G1 Main Marker" [stack: 0x000000ac18400000,0x000000ac18500000] [id=4556]
  0x0000022a6ad47000 ConcurrentGCThread "G1 Conc#0" [stack: 0x000000ac18500000,0x000000ac18600000] [id=15048]

[error occurred during error reporting (printing all threads), id 0xc0000005, EXCEPTION_ACCESS_VIOLATION (0xc0000005) at pc=0x00007ffb453c6357]

VM state:not at safepoint (not fully initialized)

VM Mutex/Monitor currently owned by a thread:  ([mutex/lock_event])
[0x0000022a6acf58e0] Heap_lock - owner thread: 0x0000022a6acf9000

Heap address: 0x0000000080400000, size: 2044 MB, Compressed Oops mode: Non-zero based: 0x0000000080400000
Narrow klass base: 0x0000000000000000, Narrow klass shift: 0

GC Heap History (0 events):
No events

Deoptimization events (0 events):
No events

Classes redefined (0 events):
No events

Internal exceptions (0 events):
No events

Events (1 events):
Event: 0.009 Loaded shared library C:\Program Files\Android\Android Studio\jre\bin\zip.dll


Dynamic libraries:
0x00007ff6260b0000 - 0x00007ff6260ba000 	C:\Program Files\Android\Android Studio\jre\bin\java.exe
0x00007ffba3ad0000 - 0x00007ffba3cc5000 	C:\WINDOWS\SYSTEM32\ntdll.dll
0x00007ffba34c0000 - 0x00007ffba357d000 	C:\WINDOWS\System32\KERNEL32.DLL
0x00007ffba17e0000 - 0x00007ffba1aa9000 	C:\WINDOWS\System32\KERNELBASE.dll
0x00007ffba1490000 - 0x00007ffba1590000 	C:\WINDOWS\System32\ucrtbase.dll
0x00007ffb97f60000 - 0x00007ffb97f79000 	C:\Program Files\Android\Android Studio\jre\bin\jli.dll
0x00007ffba1f00000 - 0x00007ffba20a0000 	C:\WINDOWS\System32\USER32.dll
0x00007ffba1460000 - 0x00007ffba1482000 	C:\WINDOWS\System32\win32u.dll
0x00007ffba2bf0000 - 0x00007ffba2c1a000 	C:\WINDOWS\System32\GDI32.dll
0x00007ffba16d0000 - 0x00007ffba17db000 	C:\WINDOWS\System32\gdi32full.dll
0x00007ffba13c0000 - 0x00007ffba145d000 	C:\WINDOWS\System32\msvcp_win.dll
0x00007ffb99d30000 - 0x00007ffb99d47000 	C:\Program Files\Android\Android Studio\jre\bin\VCRUNTIME140.dll
0x00007ffb96d00000 - 0x00007ffb96f9a000 	C:\WINDOWS\WinSxS\amd64_microsoft.windows.common-controls_6595b64144ccf1df_6.0.19041.1110_none_60b5254171f9507e\COMCTL32.dll
0x00007ffba3420000 - 0x00007ffba34be000 	C:\WINDOWS\System32\msvcrt.dll
0x00007ffba2c20000 - 0x00007ffba2c50000 	C:\WINDOWS\System32\IMM32.DLL
0x00007ffb7c810000 - 0x00007ffb7c8ad000 	C:\Program Files\Android\Android Studio\jre\bin\msvcp140.dll
0x00007ffb450e0000 - 0x00007ffb45b9c000 	C:\Program Files\Android\Android Studio\jre\bin\server\jvm.dll
0x00007ffba39c0000 - 0x00007ffba3a6c000 	C:\WINDOWS\System32\ADVAPI32.dll
0x00007ffba2df0000 - 0x00007ffba2e8b000 	C:\WINDOWS\System32\sechost.dll
0x00007ffba1c20000 - 0x00007ffba1d4a000 	C:\WINDOWS\System32\RPCRT4.dll
0x00007ffba2a10000 - 0x00007ffba2a18000 	C:\WINDOWS\System32\PSAPI.DLL
0x00007ffb9a950000 - 0x00007ffb9a959000 	C:\WINDOWS\SYSTEM32\WSOCK32.dll
0x00007ffba2c50000 - 0x00007ffba2cbb000 	C:\WINDOWS\System32\WS2_32.dll
0x00007ffb970b0000 - 0x00007ffb970d7000 	C:\WINDOWS\SYSTEM32\WINMM.dll
0x00007ffb9bc30000 - 0x00007ffb9bc3a000 	C:\WINDOWS\SYSTEM32\VERSION.dll
0x00007ffb9f160000 - 0x00007ffb9f172000 	C:\WINDOWS\SYSTEM32\kernel.appcore.dll
0x00007ffb97f20000 - 0x00007ffb97f31000 	C:\Program Files\Android\Android Studio\jre\bin\verify.dll
0x00007ffb9ad10000 - 0x00007ffb9aef4000 	C:\WINDOWS\SYSTEM32\DBGHELP.DLL
0x00007ffb999a0000 - 0x00007ffb999cc000 	C:\WINDOWS\SYSTEM32\dbgcore.DLL
0x00007ffba1640000 - 0x00007ffba16c3000 	C:\WINDOWS\System32\bcryptPrimitives.dll
0x00007ffb7ce90000 - 0x00007ffb7ceb9000 	C:\Program Files\Android\Android Studio\jre\bin\java.dll
0x00007ffb97f10000 - 0x00007ffb97f1b000 	C:\Program Files\Android\Android Studio\jre\bin\jimage.dll
0x00007ffb7d340000 - 0x00007ffb7d358000 	C:\Program Files\Android\Android Studio\jre\bin\zip.dll

dbghelp: loaded successfully - version: 4.0.5 - missing functions: none
symbol engine: initialized successfully - sym options: 0x614 - pdb path: .;C:\Program Files\Android\Android Studio\jre\bin;C:\WINDOWS\SYSTEM32;C:\WINDOWS\WinSxS\amd64_microsoft.windows.common-controls_6595b64144ccf1df_6.0.19041.1110_none_60b5254171f9507e;C:\Program Files\Android\Android Studio\jre\bin\server

VM Arguments:
java_command: org.jetbrains.git4idea.http.GitAskPassApp Username for 'https://github.com': 
java_class_path (initial): C:/Program Files/Android/Android Studio/plugins/git4idea/lib/git4idea-rt.jar;C:/Program Files/Android/Android Studio/lib/xmlrpc-2.0.1.jar;C:/Program Files/Android/Android Studio/lib/commons-codec-1.14.jar
Launcher Type: SUN_STANDARD

[Global flags]
     intx CICompilerCount                          = 3                                         {product} {ergonomic}
     uint ConcGCThreads                            = 1                                         {product} {ergonomic}
     uint G1ConcRefinementThreads                  = 4                                         {product} {ergonomic}
   size_t G1HeapRegionSize                         = 1048576                                   {product} {ergonomic}
    uintx GCDrainStackTargetSize                   = 64                                        {product} {ergonomic}
   size_t InitialHeapSize                          = 134217728                                 {product} {ergonomic}
   size_t MarkStackSize                            = 4194304                                   {product} {ergonomic}
   size_t MaxHeapSize                              = 2143289344                                {product} {ergonomic}
   size_t MinHeapDeltaBytes                        = 1048576                                   {product} {ergonomic}
    uintx NonNMethodCodeHeapSize                   = 5830732                                {pd product} {ergonomic}
    uintx NonProfiledCodeHeapSize                  = 122913754                              {pd product} {ergonomic}
    uintx ProfiledCodeHeapSize                     = 122913754                              {pd product} {ergonomic}
    uintx ReservedCodeCacheSize                    = 251658240                              {pd product} {ergonomic}
     bool SegmentedCodeCache                       = true                                      {product} {ergonomic}
     bool UseCompressedClassPointers               = true                                 {lp64_product} {ergonomic}
     bool UseCompressedOops                        = true                                 {lp64_product} {ergonomic}
     bool UseG1GC                                  = true                                      {product} {ergonomic}
     bool UseLargePagesIndividualAllocation        = false                                  {pd product} {ergonomic}

Logging:
Log output configuration:
 #0: stdout all=warning uptime,level,tags
 #1: stderr all=off uptime,level,tags

Environment Variables:
PATH=C:\Program Files\Git\mingw64\libexec\git-core;C:\Program Files\Git\mingw64\libexec\git-core;C:\Program Files\Git\mingw64\bin;C:\Program Files\Git\usr\bin;C:\Users\user\bin;C:\WINDOWS\system32;C:\WINDOWS;C:\WINDOWS\System32\Wbem;C:\WINDOWS\System32\WindowsPowerShell\v1.0;C:\WINDOWS\System32\OpenSSH;C:\Program Files\Git\cmd;C:\Program Files\Microsoft SQL Server\Client SDK\ODBC\170\Tools\Binn;C:\Program Files (x86)\Microsoft SQL Server\150\Tools\Binn;C:\Program Files\Microsoft SQL Server\150\Tools\Binn;C:\Program Files\Microsoft SQL Server\150\DTS\Binn;C:\Program Files (x86)\Microsoft SQL Server\150\DTS\Binn;C:\Program Files\Azure Data Studio\bin;C:\Program Files (x86)\Windows Kits\10\Windows Performance Toolkit;C:\Users\user\AppData\Local\Microsoft\WindowsApps;C:\Program Files\Bandizip;C:\sqlite;C:\Program Files\Azure Data Studio\bin
USERNAME=user
DISPLAY=:0.0
LC_ALL=en_US.UTF-8
OS=Windows_NT
PROCESSOR_IDENTIFIER=Intel64 Family 6 Model 58 Stepping 9, GenuineIntel



---------------  S Y S T E M  ---------------

OS: Windows 10 , 64 bit Build 19041 (10.0.19041.1023)
OS uptime: 5 days 18:48 hours

CPU:total 4 (initial active 4) (4 cores per cpu, 1 threads per core) family 6 model 58 stepping 9, cmov, cx8, fxsr, mmx, sse, sse2, sse3, ssse3, sse4.1, sse4.2, popcnt, avx, aes, clmul, erms, tsc, tscinvbit, tscinv

Memory: 4k page, system-wide physical 8173M (263M free)
TotalPageFile size 22297M (AvailPageFile size 55M)
current process WorkingSet (physical memory assigned to process): 9M, peak: 9M
current process commit charge ("private bytes"): 51M, peak: 179M

vm_info: OpenJDK 64-Bit Server VM (11.0.8+10-b944.6842174) for windows-amd64 JRE (11.0.8+10-b944.6842174), built on Sep 19 2020 01:11:42 by "builder" with MS VC++ 14.0 (VS2015)

END.
